Collected boxes: 6, rgb(243.45, 176.0, 63.7)
Collected boxes: 13, rgb(242.925, 175.175, 67.675)
Collected boxes: 20, rgb(242.01666666666668, 174.41666666666666, 65.76666666666667)
Collected boxes: 26, rgb(242.6875, 173.15, 68.1875)
Collected boxes: 33, rgb(243.57, 172.02, 69.43)
Collected boxes: 40, rgb(243.66666666666666, 172.21666666666667, 70.88333333333334)
Collected boxes: 46, rgb(243.27857142857144, 172.75714285714287, 72.65)
Collected boxes: 53, rgb(242.86875, 173.29375, 74.08125)
Collected boxes: 60, rgb(242.69444444444446, 173.35555555555555, 73.28888888888889)
Collected boxes: 66, rgb(242.455, 172.965, 72.29)
Collected boxes: 73, rgb(242.14545454545456, 172.8090909090909, 71.21818181818182)
Collected boxes: 80, rgb(241.77916666666667, 173.19166666666666, 71.44166666666666)
Collected boxes: 86, rgb(241.72307692307692, 173.6, 71.78076923076924)
Collected boxes: 93, rgb(241.82142857142858, 173.37142857142857, 70.87857142857143)
Collected boxes: 100, rgb(241.81333333333333, 173.38, 70.2)
Collected boxes: 106, rgb(241.809375, 173.4625, 69.7875)
Collected boxes: 113, rgb(241.81470588235294, 173.75294117647059, 70.1)
Collected boxes: 120, rgb(241.84722222222223, 173.92777777777778, 70.2611111111111)
Collected boxes: 126, rgb(241.97894736842105, 173.96842105263158, 69.93157894736842)
Collected boxes: 133, rgb(242.1175, 173.8875, 69.595)
Collected boxes: 140, rgb(242.10476190476192, 173.92380952380952, 70.09761904761905)
Collected boxes: 146, rgb(242.2159090909091, 173.95, 70.61818181818182)
Collected boxes: 153, rgb(242.27608695652174, 173.91521739130434, 71.02173913043478)
Collected boxes: 160, rgb(242.17083333333332, 173.87291666666667, 70.79583333333333)
Collected boxes: 166, rgb(242.036, 173.95, 70.918)
Collected boxes: 173, rgb(242.02884615384616, 174.12307692307692, 71.10961538461538)
Collected boxes: 180, rgb(241.8759259259259, 174.2462962962963, 71.2537037037037)
Collected boxes: 186, rgb(241.74642857142857, 174.40535714285716, 71.57678571428572)
Collected boxes: 193, rgb(241.8, 174.34655172413792, 71.61724137931034)
Collected boxes: 200, rgb(241.91333333333333, 174.365, 72.09666666666666)
Collected boxes: 206, rgb(241.9806451612903, 174.4225806451613, 72.44193548387096)
Collected boxes: 213, rgb(242.1, 174.396875, 72.16875)
Collected boxes: 220, rgb(242.0818181818182, 174.44242424242424, 72.31363636363636)
Collected boxes: 226, rgb(242.24117647058824, 174.48529411764707, 72.65294117647059)
Collected boxes: 233, rgb(242.35714285714286, 174.53142857142856, 72.91857142857143)
Collected boxes: 240, rgb(242.4, 174.59722222222223, 73.10138888888889)
Collected boxes: 246, rgb(242.38783783783785, 174.60270270270271, 73.08108108108108)
Collected boxes: 253, rgb(242.3921052631579, 174.70131578947368, 73.16447368421052)
Collected boxes: 260, rgb(242.41538461538462, 174.66794871794872, 73.42435897435898)
Collected boxes: 266, rgb(242.38625, 174.71125, 73.50875)
Collected boxes: 273, rgb(242.3658536585366, 174.8, 73.5390243902439)
Collected boxes: 280, rgb(242.35357142857143, 174.73690476190475, 73.40238095238095)
Collected boxes: 286, rgb(242.31162790697675, 174.7918604651163, 73.45930232558139)
Collected boxes: 293, rgb(242.3090909090909, 174.875, 73.46704545454546)
Collected boxes: 300, rgb(242.33555555555554, 174.88333333333333, 73.56555555555556)
Collected boxes: 306, rgb(242.34782608695653, 174.90978260869565, 73.59130434782608)
Collected boxes: 313, rgb(242.2712765957447, 174.96702127659574, 73.68723404255319)
Collected boxes: 320, rgb(242.23958333333334, 174.975, 73.65104166666667)
Collected boxes: 326, rgb(242.184693877551, 174.94183673469388, 73.56122448979592)
Collected boxes: 333, rgb(242.14, 174.942, 73.55)
