Collected boxes: 6, rgb(243.4, 176.9, 66.6)
Collected boxes: 13, rgb(242.475, 172.425, 64.675)
Collected boxes: 20, rgb(242.2, 174.46666666666667, 68.1)
Collected boxes: 26, rgb(242.025, 175.4625, 69.95)
Collected boxes: 33, rgb(241.95, 175.77, 70.54)
Collected boxes: 40, rgb(241.75833333333333, 175.73333333333332, 70.95833333333333)
Collected boxes: 46, rgb(241.84285714285716, 175.65, 71.79285714285714)
Collected boxes: 53, rgb(242.31875, 175.25, 72.55625)
Collected boxes: 60, rgb(242.4, 174.83333333333334, 73.13333333333334)
Collected boxes: 66, rgb(242.03, 174.995, 73.795)
Collected boxes: 73, rgb(242.27272727272728, 174.91363636363636, 74.22272727272727)
Collected boxes: 80, rgb(242.39583333333334, 174.91666666666666, 74.62916666666666)
Collected boxes: 86, rgb(242.37692307692308, 174.7076923076923, 74.48461538461538)
Collected boxes: 93, rgb(242.35357142857143, 174.67142857142858, 74.00357142857143)
Collected boxes: 100, rgb(242.09333333333333, 174.81, 74.19)
Collected boxes: 106, rgb(241.925, 174.84375, 74.128125)
Collected boxes: 113, rgb(241.73235294117646, 174.93529411764706, 73.80882352941177)
Collected boxes: 120, rgb(241.7277777777778, 174.92222222222222, 73.45555555555555)
Collected boxes: 126, rgb(241.64473684210526, 174.84473684210528, 72.88947368421053)
Collected boxes: 133, rgb(241.68, 174.785, 72.6175)
Collected boxes: 140, rgb(241.6952380952381, 174.71666666666667, 72.47619047619048)
Collected boxes: 146, rgb(241.625, 174.86818181818182, 72.5840909090909)
Collected boxes: 153, rgb(241.63478260869564, 174.89347826086956, 72.50869565217391)
Collected boxes: 160, rgb(241.78125, 174.80416666666667, 71.89375)
Collected boxes: 166, rgb(241.724, 174.924, 72.026)
Collected boxes: 173, rgb(241.7423076923077, 174.98846153846154, 72.20961538461539)
Collected boxes: 180, rgb(241.65925925925927, 175.07037037037037, 72.43518518518519)
Collected boxes: 186, rgb(241.575, 175.12678571428572, 72.64107142857142)
Collected boxes: 193, rgb(241.64137931034483, 175.1844827586207, 72.79482758620689)
Collected boxes: 200, rgb(241.54833333333335, 175.21833333333333, 72.98)
Collected boxes: 206, rgb(241.73870967741937, 175.31774193548387, 73.10806451612903)
Collected boxes: 213, rgb(241.740625, 175.4015625, 73.215625)
Collected boxes: 220, rgb(241.77121212121213, 175.38636363636363, 73.05909090909091)
Collected boxes: 226, rgb(241.80588235294118, 175.38823529411764, 72.77352941176471)
Collected boxes: 233, rgb(241.79142857142858, 175.35142857142858, 72.77428571428571)
Collected boxes: 240, rgb(241.79305555555555, 175.36944444444444, 72.66527777777777)
Collected boxes: 246, rgb(241.94864864864866, 175.35405405405405, 72.39324324324325)
Collected boxes: 253, rgb(241.93157894736842, 175.2486842105263, 72.36447368421052)
Collected boxes: 260, rgb(241.9205128205128, 175.32820512820513, 72.47820512820513)
Collected boxes: 266, rgb(241.9525, 175.2275, 72.4275)
Collected boxes: 273, rgb(242.0878048780488, 175.18170731707318, 72.63170731707316)
Collected boxes: 280, rgb(242.1095238095238, 175.1940476190476, 72.53333333333333)
Collected boxes: 286, rgb(242.01976744186047, 175.2674418604651, 72.69883720930233)
Collected boxes: 293, rgb(241.96022727272728, 175.3, 72.72386363636363)
Collected boxes: 300, rgb(241.89111111111112, 175.33, 72.75777777777778)
Collected boxes: 306, rgb(241.85543478260868, 175.28804347826087, 72.65978260869565)
Collected boxes: 313, rgb(241.82872340425533, 175.26063829787233, 72.61489361702128)
Collected boxes: 320, rgb(241.78125, 175.26458333333332, 72.65729166666667)
Collected boxes: 326, rgb(241.70408163265307, 175.29897959183674, 72.75408163265305)
Collected boxes: 333, rgb(241.614, 175.355, 72.895)
Collected boxes: 340, rgb(241.54313725490195, 175.39019607843136, 72.84607843137255)
Collected boxes: 346, rgb(241.46442307692308, 175.41634615384615, 72.92211538461538)
Collected boxes: 353, rgb(241.4377358490566, 175.41132075471697, 72.86509433962264)
Collected boxes: 360, rgb(241.41018518518518, 175.4185185185185, 72.83703703703704)
Collected boxes: 366, rgb(241.36909090909091, 175.44272727272727, 72.91)
Collected boxes: 373, rgb(241.34196428571428, 175.45267857142858, 72.91696428571429)
Collected boxes: 380, rgb(241.3201754385965, 175.4561403508772, 72.92368421052632)
Collected boxes: 386, rgb(241.2741379310345, 175.4956896551724, 72.91379310344827)
Collected boxes: 393, rgb(241.22118644067797, 175.51271186440678, 72.91186440677966)
Collected boxes: 400, rgb(241.18083333333334, 175.53583333333333, 72.94083333333333)
Collected boxes: 406, rgb(241.15819672131147, 175.54016393442623, 72.97377049180328)
Collected boxes: 413, rgb(241.1508064516129, 175.54112903225806, 72.9508064516129)
Collected boxes: 420, rgb(241.1563492063492, 175.5873015873016, 72.99126984126984)
Collected boxes: 426, rgb(241.2140625, 175.421875, 72.8203125)
Collected boxes: 433, rgb(241.26615384615386, 175.2376923076923, 72.7223076923077)
Collected boxes: 440, rgb(241.29848484848486, 174.89924242424243, 72.52272727272727)
Collected boxes: 446, rgb(241.32611940298509, 174.68880597014925, 72.49328358208955)
Collected boxes: 453, rgb(241.3764705882353, 174.68161764705883, 72.39264705882353)
Collected boxes: 460, rgb(241.32391304347826, 174.7173913043478, 72.48188405797102)
Collected boxes: 466, rgb(241.31571428571428, 174.73357142857142, 72.565)
Collected boxes: 473, rgb(241.29295774647886, 174.69295774647887, 72.59366197183098)
Collected boxes: 480, rgb(241.26458333333332, 174.69583333333333, 72.62083333333334)
Collected boxes: 486, rgb(241.26164383561644, 174.5972602739726, 72.52671232876712)
Collected boxes: 493, rgb(241.2304054054054, 174.62972972972972, 72.61554054054054)
Collected boxes: 500, rgb(241.23133333333334, 174.62666666666667, 72.66733333333333)
Collected boxes: 506, rgb(241.21842105263158, 174.64342105263157, 72.70197368421053)
Collected boxes: 513, rgb(241.18961038961038, 174.66103896103897, 72.73506493506494)
Collected boxes: 520, rgb(241.17179487179487, 174.64679487179487, 72.7)
Collected boxes: 526, rgb(241.14620253164557, 174.6759493670886, 72.72658227848102)
Collected boxes: 533, rgb(241.134375, 174.686875, 72.6825)
Collected boxes: 540, rgb(241.09753086419752, 174.71851851851852, 72.73765432098766)
Collected boxes: 546, rgb(241.06524390243902, 174.74024390243903, 72.77195121951219)
Collected boxes: 553, rgb(241.0644578313253, 174.75722891566264, 72.75481927710844)
Collected boxes: 560, rgb(241.0559523809524, 174.77857142857144, 72.76666666666667)
Collected boxes: 566, rgb(241.04529411764705, 174.78588235294117, 72.75882352941177)
Collected boxes: 573, rgb(241.04011627906976, 174.78720930232558, 72.7343023255814)
Collected boxes: 580, rgb(241.04137931034484, 174.7890804597701, 72.72701149425288)
Collected boxes: 586, rgb(241.0403409090909, 174.77897727272727, 72.70965909090908)
Collected boxes: 593, rgb(241.03258426966292, 174.75449438202247, 72.64269662921349)
Collected boxes: 600, rgb(241.00833333333333, 174.74722222222223, 72.625)
Collected boxes: 606, rgb(241.0032967032967, 174.74120879120878, 72.59285714285714)
Collected boxes: 613, rgb(240.98967391304348, 174.7358695652174, 72.57934782608696)
Collected boxes: 620, rgb(240.9989247311828, 174.73494623655915, 72.58010752688172)
Collected boxes: 626, rgb(241.00212765957446, 174.75159574468086, 72.58882978723405)
Collected boxes: 633, rgb(240.99736842105264, 174.7542105263158, 72.58473684210526)
Collected boxes: 640, rgb(240.965625, 174.78072916666667, 72.60520833333334)
Collected boxes: 646, rgb(240.95824742268042, 174.80463917525773, 72.62628865979381)
Collected boxes: 653, rgb(240.9484693877551, 174.81887755102042, 72.63622448979592)
Collected boxes: 660, rgb(240.94848484848484, 174.83131313131312, 72.63232323232323)
Collected boxes: 666, rgb(240.941, 174.848, 72.643)
Collected boxes: 673, rgb(240.93564356435644, 174.8569306930693, 72.64950495049504)
Collected boxes: 680, rgb(240.9392156862745, 174.85, 72.6186274509804)
Collected boxes: 686, rgb(240.9281553398058, 174.85825242718445, 72.6257281553398)
Collected boxes: 693, rgb(240.91153846153847, 174.8778846153846, 72.65721153846154)
Collected boxes: 700, rgb(240.91142857142856, 174.8895238095238, 72.66333333333333)
Collected boxes: 706, rgb(240.89764150943395, 174.8938679245283, 72.62122641509434)
Collected boxes: 713, rgb(240.87990654205606, 174.89813084112149, 72.62663551401869)
Collected boxes: 720, rgb(240.87962962962962, 174.89027777777778, 72.65694444444445)
Collected boxes: 726, rgb(240.901376146789, 174.89678899082568, 72.69128440366973)
Collected boxes: 733, rgb(240.88, 174.91727272727272, 72.75181818181818)
Collected boxes: 740, rgb(240.8481981981982, 174.94144144144144, 72.81351351351351)
Collected boxes: 746, rgb(240.81651785714286, 174.96205357142858, 72.87633928571428)
Collected boxes: 753, rgb(240.7858407079646, 174.9858407079646, 72.94424778761062)
Collected boxes: 760, rgb(240.75570175438597, 175.00877192982455, 73.00263157894737)
Collected boxes: 766, rgb(240.73304347826087, 175.02521739130435, 73.03391304347826)
Collected boxes: 773, rgb(240.70775862068965, 175.04741379310346, 73.07327586206897)
Collected boxes: 780, rgb(240.682905982906, 175.06923076923076, 73.11239316239316)
Collected boxes: 786, rgb(240.6593220338983, 175.08813559322033, 73.14322033898306)
Collected boxes: 793, rgb(240.63529411764705, 175.109243697479, 73.18067226890756)
Collected boxes: 800, rgb(240.61166666666668, 175.13, 73.21791666666667)
Collected boxes: 806, rgb(240.5896694214876, 175.15, 73.2495867768595)
Collected boxes: 813, rgb(240.56803278688525, 175.1688524590164, 73.28606557377049)
Collected boxes: 820, rgb(240.54674796747966, 175.18577235772358, 73.3280487804878)
Collected boxes: 826, rgb(240.5274193548387, 175.20403225806453, 73.36572580645161)
Collected boxes: 833, rgb(240.5032, 175.216, 73.4004)
Collected boxes: 840, rgb(240.48174603174604, 175.23492063492063, 73.43373015873016)
Collected boxes: 846, rgb(240.46102362204724, 175.2535433070866, 73.46692913385827)
Collected boxes: 853, rgb(240.440625, 175.271875, 73.494921875)
Collected boxes: 860, rgb(240.4201550387597, 175.28720930232558, 73.52441860465116)
Collected boxes: 866, rgb(240.4003846153846, 175.3053846153846, 73.55615384615385)
Collected boxes: 873, rgb(240.38091603053437, 175.32290076335877, 73.58282442748092)
Collected boxes: 880, rgb(240.36136363636365, 175.3375, 73.61098484848485)
Collected boxes: 886, rgb(240.3424812030075, 175.35488721804512, 73.64135338345865)
Collected boxes: 893, rgb(240.32388059701492, 175.37164179104477, 73.66679104477612)
Collected boxes: 900, rgb(240.30592592592592, 175.38592592592593, 73.68962962962964)
Collected boxes: 906, rgb(240.29264705882352, 175.38676470588234, 73.6735294117647)
Collected boxes: 913, rgb(240.2795620437956, 175.3875912408759, 73.65766423357664)
Collected boxes: 920, rgb(240.26666666666668, 175.38840579710146, 73.64202898550725)
Collected boxes: 926, rgb(240.25395683453237, 175.38920863309352, 73.62661870503597)
Collected boxes: 933, rgb(240.24142857142857, 175.39, 73.61142857142858)
Collected boxes: 940, rgb(240.2436170212766, 175.38617021276596, 73.58687943262412)
Collected boxes: 946, rgb(240.2369718309859, 175.3732394366197, 73.59154929577464)
Collected boxes: 953, rgb(240.22482517482518, 175.37657342657343, 73.57972027972028)
Collected boxes: 960, rgb(240.2121527777778, 175.37708333333333, 73.56875)
Collected boxes: 966, rgb(240.2003448275862, 175.37793103448277, 73.5544827586207)
Collected boxes: 973, rgb(240.18972602739726, 175.3818493150685, 73.54965753424658)
Collected boxes: 980, rgb(240.17789115646258, 175.38503401360543, 73.5517006802721)
Collected boxes: 986, rgb(240.1641891891892, 175.39087837837837, 73.56216216216217)
Collected boxes: 993, rgb(240.1510067114094, 175.39295302013423, 73.56577181208054)
Collected boxes: 1000, rgb(240.14, 175.39366666666666, 73.552)
Collected boxes: 1006, rgb(240.1291390728477, 175.39437086092715, 73.5384105960265)
Collected boxes: 1013, rgb(240.1184210526316, 175.39506578947368, 73.525)
Collected boxes: 1020, rgb(240.1078431372549, 175.39575163398692, 73.51176470588236)
Collected boxes: 1026, rgb(240.0974025974026, 175.39642857142857, 73.49870129870129)
Collected boxes: 1033, rgb(240.08709677419355, 175.39709677419356, 73.4858064516129)
Collected boxes: 1040, rgb(240.07692307692307, 175.39775641025642, 73.47307692307692)
Collected boxes: 1046, rgb(240.06687898089172, 175.3984076433121, 73.46050955414013)
Collected boxes: 1053, rgb(240.05696202531647, 175.39905063291138, 73.44810126582279)
Collected boxes: 1060, rgb(240.04716981132074, 175.39968553459119, 73.43584905660377)
Collected boxes: 1066, rgb(240.0375, 175.4003125, 73.42375)
Collected boxes: 1073, rgb(240.027950310559, 175.40093167701863, 73.41180124223602)
Collected boxes: 1080, rgb(240.0185185185185, 175.40154320987654, 73.4)
Collected boxes: 1086, rgb(240.0064417177914, 175.4085889570552, 73.4058282208589)
Collected boxes: 1093, rgb(239.99420731707318, 175.41768292682926, 73.41371951219512)
Collected boxes: 1100, rgb(239.98181818181817, 175.42454545454547, 73.4230303030303)
Collected boxes: 1106, rgb(239.97018072289157, 175.43132530120482, 73.42861445783133)
Collected boxes: 1113, rgb(239.95838323353294, 175.44011976047904, 73.43622754491018)
Collected boxes: 1120, rgb(239.94642857142858, 175.4467261904762, 73.4452380952381)
Collected boxes: 1126, rgb(239.93520710059173, 175.45325443786982, 73.45059171597633)
Collected boxes: 1133, rgb(239.9264705882353, 175.45558823529413, 73.44117647058823)
Collected boxes: 1140, rgb(239.91812865497076, 175.45584795321636, 73.4298245614035)
Collected boxes: 1146, rgb(239.90988372093022, 175.4561046511628, 73.4186046511628)
Collected boxes: 1153, rgb(239.90173410404626, 175.4563583815029, 73.40751445086705)
Collected boxes: 1160, rgb(239.89367816091954, 175.4566091954023, 73.39655172413794)
Collected boxes: 1166, rgb(239.88571428571427, 175.45685714285713, 73.38571428571429)
Collected boxes: 1173, rgb(239.8778409090909, 175.45710227272727, 73.375)
Collected boxes: 1180, rgb(239.87005649717514, 175.45734463276835, 73.36440677966101)
Collected boxes: 1186, rgb(239.8623595505618, 175.45758426966293, 73.35393258426966)
Collected boxes: 1193, rgb(239.85474860335196, 175.45782122905027, 73.34357541899442)
Collected boxes: 1200, rgb(239.84722222222223, 175.45805555555555, 73.33333333333333)
Collected boxes: 1206, rgb(239.83977900552486, 175.4582872928177, 73.3232044198895)
Collected boxes: 1213, rgb(239.83241758241758, 175.4585164835165, 73.31318681318682)
Collected boxes: 1220, rgb(239.82513661202185, 175.4587431693989, 73.30327868852459)
Collected boxes: 1226, rgb(239.8179347826087, 175.45896739130436, 73.29347826086956)
Collected boxes: 1233, rgb(239.8108108108108, 175.4591891891892, 73.28378378378379)
Collected boxes: 1240, rgb(239.80376344086022, 175.45940860215055, 73.2741935483871)
Collected boxes: 1246, rgb(239.79679144385025, 175.4596256684492, 73.26470588235294)
Collected boxes: 1253, rgb(239.78989361702128, 175.45984042553192, 73.25531914893617)
Collected boxes: 1260, rgb(239.78306878306879, 175.46005291005292, 73.24603174603175)
Collected boxes: 1266, rgb(239.77631578947367, 175.46026315789473, 73.23684210526316)
Collected boxes: 1273, rgb(239.7696335078534, 175.46047120418848, 73.22774869109948)
Collected boxes: 1280, rgb(239.76302083333334, 175.46067708333334, 73.21875)
Collected boxes: 1286, rgb(239.75647668393782, 175.46088082901554, 73.20984455958549)
Collected boxes: 1293, rgb(239.75, 175.4610824742268, 73.20103092783505)
Collected boxes: 1300, rgb(239.74358974358975, 175.46128205128204, 73.1923076923077)
Collected boxes: 1306, rgb(239.7372448979592, 175.46147959183673, 73.18367346938776)
Collected boxes: 1313, rgb(239.73096446700507, 175.46167512690354, 73.1751269035533)
Collected boxes: 1320, rgb(239.7247474747475, 175.46186868686868, 73.16666666666667)
Collected boxes: 1326, rgb(239.71859296482413, 175.46206030150753, 73.15829145728644)
Collected boxes: 1333, rgb(239.7165, 175.45975, 73.13525)
Collected boxes: 1340, rgb(239.71243781094526, 175.45248756218905, 73.10323383084577)
Collected boxes: 1346, rgb(239.70940594059405, 175.43935643564356, 73.06336633663366)
Collected boxes: 1353, rgb(239.70369458128079, 175.43743842364532, 73.05024630541872)
Collected boxes: 1360, rgb(239.69950980392156, 175.4343137254902, 73.0296568627451)
Collected boxes: 1366, rgb(239.69560975609755, 175.4339024390244, 73.01512195121951)
Collected boxes: 1373, rgb(239.68980582524273, 175.43422330097087, 73.00776699029126)
Collected boxes: 1380, rgb(239.68405797101448, 175.43454106280194, 73.00048309178744)
Collected boxes: 1386, rgb(239.67836538461538, 175.43485576923078, 72.99326923076923)
Collected boxes: 1393, rgb(239.6727272727273, 175.43516746411484, 72.98612440191387)
Collected boxes: 1400, rgb(239.66714285714286, 175.43547619047618, 72.97904761904762)
Collected boxes: 1406, rgb(239.66161137440758, 175.43578199052132, 72.97203791469194)
Collected boxes: 1413, rgb(239.6561320754717, 175.43608490566038, 72.96509433962264)
Collected boxes: 1420, rgb(239.65070422535211, 175.43638497652583, 72.95821596244132)
Collected boxes: 1426, rgb(239.64532710280375, 175.43668224299066, 72.95140186915887)
Collected boxes: 1433, rgb(239.64, 175.43697674418604, 72.94465116279069)
Collected boxes: 1440, rgb(239.63472222222222, 175.43726851851852, 72.93796296296296)
Collected boxes: 1446, rgb(239.6294930875576, 175.43755760368663, 72.93133640552995)
Collected boxes: 1453, rgb(239.62431192660551, 175.43784403669724, 72.92477064220184)
Collected boxes: 1460, rgb(239.61917808219178, 175.43812785388127, 72.91826484018264)
Collected boxes: 1466, rgb(239.61409090909092, 175.4384090909091, 72.91181818181818)
Collected boxes: 1473, rgb(239.60904977375566, 175.43868778280543, 72.90542986425339)
Collected boxes: 1480, rgb(239.60405405405405, 175.43896396396397, 72.8990990990991)
Collected boxes: 1486, rgb(239.59910313901347, 175.43923766816144, 72.89282511210763)
Collected boxes: 1493, rgb(239.59419642857142, 175.43950892857143, 72.88660714285714)
Collected boxes: 1500, rgb(239.58933333333334, 175.43977777777778, 72.88044444444445)
Collected boxes: 1506, rgb(239.58451327433627, 175.4400442477876, 72.87433628318584)
Collected boxes: 1513, rgb(239.57973568281938, 175.44030837004405, 72.86828193832599)
Collected boxes: 1520, rgb(239.575, 175.4405701754386, 72.86228070175439)
Collected boxes: 1526, rgb(239.5703056768559, 175.44082969432316, 72.85633187772926)
Collected boxes: 1533, rgb(239.56565217391304, 175.44108695652173, 72.8504347826087)
Collected boxes: 1540, rgb(239.56103896103897, 175.441341991342, 72.84458874458875)
Collected boxes: 1546, rgb(239.55646551724138, 175.44159482758621, 72.83879310344828)
Collected boxes: 1553, rgb(239.55193133047212, 175.44184549356223, 72.83304721030044)
Collected boxes: 1560, rgb(239.5474358974359, 175.442094017094, 72.82735042735042)
Collected boxes: 1566, rgb(239.54297872340425, 175.4423404255319, 72.82170212765958)
Collected boxes: 1573, rgb(239.5385593220339, 175.4425847457627, 72.81610169491526)
Collected boxes: 1580, rgb(239.53417721518989, 175.4428270042194, 72.81054852320675)
Collected boxes: 1586, rgb(239.5298319327731, 175.44306722689075, 72.80504201680672)
Collected boxes: 1593, rgb(239.5255230125523, 175.44330543933054, 72.79958158995817)
Collected boxes: 1600, rgb(239.52125, 175.44354166666668, 72.79416666666667)
Collected boxes: 1606, rgb(239.5170124481328, 175.44377593360997, 72.78879668049792)
Collected boxes: 1613, rgb(239.51280991735538, 175.4440082644628, 72.78347107438016)
Collected boxes: 1620, rgb(239.50864197530865, 175.44423868312757, 72.77818930041153)
Collected boxes: 1626, rgb(239.5045081967213, 175.44446721311476, 72.77295081967213)
Collected boxes: 1633, rgb(239.50040816326532, 175.44469387755103, 72.76775510204082)
Collected boxes: 1640, rgb(239.49634146341464, 175.44491869918699, 72.76260162601626)
Collected boxes: 1646, rgb(239.4923076923077, 175.44514170040486, 72.75748987854251)
Collected boxes: 1653, rgb(239.4883064516129, 175.4453629032258, 72.75241935483871)
Collected boxes: 1660, rgb(239.4901606425703, 175.44819277108434, 72.75823293172691)
Collected boxes: 1666, rgb(239.5192, 175.4338, 72.7588)
Collected boxes: 1673, rgb(239.5503984063745, 175.4191235059761, 72.75617529880478)
Collected boxes: 1680, rgb(239.57777777777778, 175.41170634920636, 72.76051587301588)
Collected boxes: 1686, rgb(239.57569169960473, 175.41422924901187, 72.78418972332015)
Collected boxes: 1693, rgb(239.5706692913386, 175.40885826771654, 72.79665354330709)
Collected boxes: 1700, rgb(239.57450980392156, 175.38392156862744, 72.77941176470588)
Collected boxes: 1706, rgb(239.57578125, 175.36484375, 72.77421875)
Collected boxes: 1713, rgb(239.58326848249027, 175.34571984435797, 72.74961089494164)
Collected boxes: 1720, rgb(239.58643410852713, 175.31744186046512, 72.72848837209303)
