Collected boxes: 6, rgb(242.75, 177.85, 70.35)
Collected boxes: 13, rgb(242.15, 176.9, 67.55)
Collected boxes: 20, rgb(243.13333333333333, 176.36666666666667, 67.48333333333333)
Collected boxes: 26, rgb(243.75, 176.075, 70.325)
Collected boxes: 33, rgb(242.94, 176.11, 72.43)
Collected boxes: 40, rgb(242.50833333333333, 176.28333333333333, 74.25)
Collected boxes: 46, rgb(241.84285714285716, 176.55, 75.47142857142858)
Collected boxes: 53, rgb(242.1125, 176.35625, 74.36875)
Collected boxes: 60, rgb(242.15, 174.46666666666667, 74.06666666666666)
Collected boxes: 66, rgb(242.38, 172.705, 73.615)
Collected boxes: 73, rgb(242.66363636363636, 172.2409090909091, 73.73181818181818)
Collected boxes: 80, rgb(243.05833333333334, 172.12083333333334, 73.9625)
Collected boxes: 86, rgb(243.16923076923078, 172.01538461538462, 74.27307692307693)
Collected boxes: 93, rgb(243.24642857142857, 172.0142857142857, 74.61785714285715)
Collected boxes: 100, rgb(243.58666666666667, 172.20333333333335, 74.90666666666667)
Collected boxes: 106, rgb(243.8125, 172.31875, 75.15625)
Collected boxes: 113, rgb(243.93823529411765, 172.5264705882353, 75.43529411764706)
Collected boxes: 120, rgb(243.82222222222222, 172.73611111111111, 75.84166666666667)
Collected boxes: 126, rgb(243.70526315789473, 172.93947368421053, 76.21052631578948)
Collected boxes: 133, rgb(243.4075, 173.2075, 76.515)
Collected boxes: 140, rgb(243.27142857142857, 173.10476190476192, 75.70952380952382)
Collected boxes: 146, rgb(243.025, 173.34318181818182, 75.87727272727273)
Collected boxes: 153, rgb(242.96304347826086, 173.48043478260868, 75.68478260869566)
Collected boxes: 160, rgb(243.01666666666668, 173.54583333333332, 75.34375)
Collected boxes: 166, rgb(243.202, 173.398, 74.532)
Collected boxes: 173, rgb(243.34615384615384, 173.25384615384615, 73.87884615384615)
Collected boxes: 180, rgb(243.2, 172.18703703703704, 73.5037037037037)
Collected boxes: 186, rgb(243.1017857142857, 171.20714285714286, 73.14821428571429)
Collected boxes: 193, rgb(243.1344827586207, 170.66034482758621, 72.99655172413793)
Collected boxes: 200, rgb(243.10333333333332, 170.39166666666668, 72.91166666666666)
Collected boxes: 206, rgb(243.03548387096774, 170.65, 73.01129032258065)
Collected boxes: 213, rgb(243.0078125, 170.8921875, 73.00625)
Collected boxes: 220, rgb(242.87727272727273, 171.1090909090909, 73.07878787878788)
Collected boxes: 226, rgb(243.00294117647059, 171.16029411764706, 72.82794117647059)
Collected boxes: 233, rgb(242.99428571428572, 171.18571428571428, 72.53857142857143)
Collected boxes: 240, rgb(242.90416666666667, 171.30138888888888, 72.5375)
Collected boxes: 246, rgb(242.78783783783783, 171.49594594594595, 72.70405405405405)
Collected boxes: 253, rgb(242.8407894736842, 171.4578947368421, 72.24868421052632)
Collected boxes: 260, rgb(242.83846153846153, 171.49102564102563, 71.90897435897436)
Collected boxes: 266, rgb(242.945, 171.50625, 71.52875)
Collected boxes: 273, rgb(242.95, 171.63780487804877, 71.51219512195122)
Collected boxes: 280, rgb(242.95357142857142, 171.78690476190476, 71.4952380952381)
Collected boxes: 286, rgb(242.94418604651162, 171.75581395348837, 71.25232558139535)
Collected boxes: 293, rgb(242.8806818181818, 171.87272727272727, 71.23522727272727)
Collected boxes: 300, rgb(242.95111111111112, 171.86111111111111, 70.92444444444445)
Collected boxes: 306, rgb(242.84347826086957, 171.96847826086957, 70.8445652173913)
Collected boxes: 313, rgb(242.73191489361702, 172.07872340425533, 70.77021276595745)
Collected boxes: 320, rgb(242.709375, 172.12916666666666, 70.646875)
Collected boxes: 326, rgb(242.65918367346939, 172.2265306122449, 70.69285714285714)
Collected boxes: 333, rgb(242.641, 172.309, 70.69)
Collected boxes: 340, rgb(242.64019607843136, 172.38039215686274, 70.59019607843138)
Collected boxes: 346, rgb(242.56153846153848, 172.44615384615383, 70.52019230769231)
Collected boxes: 353, rgb(242.53490566037735, 172.52358490566039, 70.53679245283018)
Collected boxes: 360, rgb(242.51111111111112, 172.61296296296297, 70.59444444444445)
Collected boxes: 366, rgb(242.53272727272727, 172.69636363636363, 70.59636363636363)
Collected boxes: 373, rgb(242.58392857142857, 172.69107142857143, 70.48482142857142)
Collected boxes: 380, rgb(242.5719298245614, 172.74473684210525, 70.54473684210527)
Collected boxes: 386, rgb(242.56206896551726, 172.84396551724137, 70.62155172413793)
Collected boxes: 393, rgb(242.5593220338983, 172.86610169491524, 70.60932203389831)
Collected boxes: 400, rgb(242.53, 172.96, 70.71)
Collected boxes: 406, rgb(242.52786885245902, 173.02459016393442, 70.73934426229508)
Collected boxes: 413, rgb(242.53870967741935, 173.1056451612903, 70.79193548387097)
Collected boxes: 420, rgb(242.52380952380952, 173.19126984126984, 70.85793650793651)
