Collected boxes: 6, rgb(243.1, 177.55, 77.2)
Collected boxes: 13, rgb(245.0, 177.375, 80.5)
Collected boxes: 20, rgb(245.05, 177.41666666666666, 81.3)
Collected boxes: 26, rgb(246.05, 177.5375, 82.25)
Collected boxes: 33, rgb(246.57, 176.86, 80.77)
Collected boxes: 40, rgb(245.70833333333334, 176.55, 77.575)
Collected boxes: 46, rgb(244.96428571428572, 176.78571428571428, 77.55)
Collected boxes: 53, rgb(244.8875, 175.3625, 75.48125)
Collected boxes: 60, rgb(244.6888888888889, 175.13333333333333, 74.65555555555555)
Collected boxes: 66, rgb(244.38, 175.45, 74.745)
Collected boxes: 73, rgb(244.16363636363636, 175.65454545454546, 74.62272727272727)
Collected boxes: 80, rgb(244.025, 175.66666666666666, 74.2875)
Collected boxes: 86, rgb(243.66538461538462, 175.83076923076922, 74.48461538461538)
Collected boxes: 93, rgb(243.38214285714287, 175.93214285714285, 74.56785714285714)
Collected boxes: 100, rgb(243.19, 175.99333333333334, 74.46)
Collected boxes: 106, rgb(243.19375, 176.05, 74.153125)
Collected boxes: 113, rgb(243.18235294117648, 175.5735294117647, 73.65588235294118)
Collected boxes: 120, rgb(243.12222222222223, 175.66944444444445, 74.09444444444445)
Collected boxes: 126, rgb(243.40263157894736, 175.76052631578946, 74.65789473684211)
Collected boxes: 133, rgb(243.51, 175.8325, 75.075)
Collected boxes: 140, rgb(243.78333333333333, 175.88571428571427, 75.55714285714286)
Collected boxes: 146, rgb(243.89318181818183, 175.9181818181818, 75.88181818181818)
Collected boxes: 153, rgb(244.12391304347827, 175.96521739130435, 76.28695652173913)
Collected boxes: 160, rgb(244.32916666666668, 175.99583333333334, 76.62083333333334)
