Collected boxes: 6, rgb(244.15, 177.35, 68.5)
Collected boxes: 13, rgb(244.7, 177.575, 73.825)
Collected boxes: 20, rgb(242.7, 177.45, 72.56666666666666)
Collected boxes: 26, rgb(243.3875, 177.225, 71.4125)
Collected boxes: 33, rgb(243.11, 176.08, 70.64)
Collected boxes: 40, rgb(242.575, 176.15, 71.00833333333334)
Collected boxes: 46, rgb(243.06428571428572, 175.88571428571427, 70.61428571428571)
Collected boxes: 53, rgb(243.98125, 175.7625, 71.50625)
Collected boxes: 60, rgb(244.39444444444445, 175.67222222222222, 72.12222222222222)
Collected boxes: 66, rgb(244.335, 175.75, 72.135)
Collected boxes: 73, rgb(244.61818181818182, 175.3272727272727, 71.52727272727273)
Collected boxes: 80, rgb(244.28333333333333, 175.57083333333333, 71.93333333333334)
Collected boxes: 86, rgb(243.98461538461538, 175.45, 70.93076923076923)
Collected boxes: 93, rgb(243.74642857142857, 175.52142857142857, 71.08928571428571)
Collected boxes: 100, rgb(243.38, 175.70666666666668, 71.66333333333333)
Collected boxes: 106, rgb(243.23125, 175.75625, 71.53125)
Collected boxes: 113, rgb(243.14411764705883, 175.84117647058824, 71.53823529411764)
Collected boxes: 120, rgb(243.0, 175.86111111111111, 71.59444444444445)
Collected boxes: 126, rgb(242.9657894736842, 175.93157894736842, 71.67631578947369)
Collected boxes: 133, rgb(243.2125, 175.73, 71.33)
Collected boxes: 140, rgb(243.01904761904763, 175.7, 71.1547619047619)
Collected boxes: 146, rgb(242.92727272727274, 175.76136363636363, 71.18863636363636)
