Collected boxes: 6, rgb(243.25, 177.65, 70.6)
Collected boxes: 13, rgb(242.675, 176.925, 69.925)
Collected boxes: 20, rgb(241.93333333333334, 176.93333333333334, 72.81666666666666)
Collected boxes: 26, rgb(243.95, 176.9625, 75.8125)
Collected boxes: 33, rgb(245.12, 176.93, 77.63)
Collected boxes: 40, rgb(246.125, 176.90833333333333, 79.01666666666667)
Collected boxes: 46, rgb(245.7642857142857, 177.00714285714287, 78.3)
Collected boxes: 53, rgb(244.9875, 176.83125, 77.2875)
Collected boxes: 60, rgb(244.7111111111111, 176.93333333333334, 76.77222222222223)
Collected boxes: 66, rgb(244.44, 177.09, 76.595)
Collected boxes: 73, rgb(244.02272727272728, 177.11363636363637, 76.35909090909091)
Collected boxes: 80, rgb(243.6125, 177.0375, 76.2)
Collected boxes: 86, rgb(243.54615384615386, 176.77692307692308, 75.73076923076923)
Collected boxes: 93, rgb(243.33214285714286, 176.71785714285716, 75.59642857142858)
Collected boxes: 100, rgb(243.04666666666665, 176.79666666666665, 75.81)
Collected boxes: 106, rgb(243.196875, 176.63125, 75.98125)
Collected boxes: 113, rgb(243.4029411764706, 176.56764705882352, 76.14117647058823)
Collected boxes: 120, rgb(243.36388888888888, 176.63888888888889, 76.12777777777778)
Collected boxes: 126, rgb(243.41052631578947, 176.62105263157895, 75.70263157894736)
Collected boxes: 133, rgb(243.3075, 176.61, 75.6025)
Collected boxes: 140, rgb(243.22142857142856, 176.69761904761904, 75.59761904761905)
Collected boxes: 146, rgb(243.03863636363636, 176.6590909090909, 75.01590909090909)
Collected boxes: 153, rgb(242.83478260869566, 176.73260869565217, 75.1804347826087)
Collected boxes: 160, rgb(242.85833333333332, 176.76666666666668, 75.37291666666667)
Collected boxes: 166, rgb(243.02, 176.778, 75.72)
Collected boxes: 173, rgb(243.10192307692307, 176.74615384615385, 76.01923076923077)
Collected boxes: 180, rgb(243.19074074074075, 176.73703703703703, 76.13333333333334)
Collected boxes: 186, rgb(243.0875, 176.67142857142858, 75.81607142857143)
Collected boxes: 193, rgb(242.98103448275862, 176.6293103448276, 75.55862068965517)
Collected boxes: 200, rgb(242.93333333333334, 176.56166666666667, 75.35833333333333)
Collected boxes: 206, rgb(242.80806451612904, 176.55, 75.3758064516129)
Collected boxes: 213, rgb(242.74375, 176.5484375, 75.340625)
Collected boxes: 220, rgb(242.7348484848485, 176.5969696969697, 75.27878787878788)
Collected boxes: 226, rgb(242.7514705882353, 176.4735294117647, 75.14411764705882)
Collected boxes: 233, rgb(242.73714285714286, 176.31714285714287, 75.32)
Collected boxes: 240, rgb(242.71527777777777, 176.16805555555555, 75.47222222222223)
Collected boxes: 246, rgb(242.6689189189189, 176.19594594594594, 75.3445945945946)
Collected boxes: 253, rgb(242.66842105263157, 176.2078947368421, 75.21578947368421)
Collected boxes: 260, rgb(242.65128205128204, 176.26666666666668, 75.2102564102564)
Collected boxes: 266, rgb(242.635, 176.3225, 75.205)
Collected boxes: 273, rgb(242.6158536585366, 176.37439024390244, 75.1719512195122)
Collected boxes: 280, rgb(242.60119047619048, 176.425, 75.16785714285714)
Collected boxes: 286, rgb(242.55, 176.46511627906978, 75.08255813953488)
Collected boxes: 293, rgb(242.50795454545454, 176.4534090909091, 74.76704545454545)
Collected boxes: 300, rgb(242.4311111111111, 176.32444444444445, 74.60666666666667)
Collected boxes: 306, rgb(242.3641304347826, 176.37173913043478, 74.74565217391304)
Collected boxes: 313, rgb(242.34255319148937, 176.40531914893617, 74.68510638297872)
Collected boxes: 320, rgb(242.375, 176.421875, 74.590625)
Collected boxes: 326, rgb(242.3673469387755, 176.46428571428572, 74.59897959183674)
Collected boxes: 333, rgb(242.442, 176.379, 74.311)
Collected boxes: 340, rgb(242.50980392156862, 176.29117647058823, 74.10686274509804)
Collected boxes: 346, rgb(242.51923076923077, 176.21057692307693, 73.99807692307692)
Collected boxes: 353, rgb(242.50849056603772, 176.21037735849058, 74.10188679245283)
Collected boxes: 360, rgb(242.54444444444445, 176.17592592592592, 74.26759259259259)
Collected boxes: 366, rgb(242.5818181818182, 176.15, 74.43636363636364)
Collected boxes: 373, rgb(242.59910714285715, 176.13125, 74.61964285714286)
Collected boxes: 380, rgb(242.61052631578949, 176.09649122807016, 74.77982456140352)
Collected boxes: 386, rgb(242.63706896551724, 176.06896551724137, 74.92931034482758)
Collected boxes: 393, rgb(242.66186440677967, 176.04406779661016, 75.07033898305085)
Collected boxes: 400, rgb(242.68916666666667, 176.03166666666667, 75.22083333333333)
Collected boxes: 406, rgb(242.69426229508196, 176.0, 75.37540983606557)
Collected boxes: 413, rgb(242.71693548387097, 175.9774193548387, 75.50241935483871)
Collected boxes: 420, rgb(242.73888888888888, 175.9547619047619, 75.62539682539682)
Collected boxes: 426, rgb(242.76953125, 175.9375, 75.7484375)
Collected boxes: 433, rgb(242.77153846153846, 175.9176923076923, 75.88538461538461)
Collected boxes: 440, rgb(242.7871212121212, 175.89621212121213, 76.0060606060606)
Collected boxes: 446, rgb(242.81194029850747, 175.87313432835822, 76.11119402985075)
Collected boxes: 453, rgb(242.83823529411765, 175.8566176470588, 76.22058823529412)
Collected boxes: 460, rgb(242.84855072463768, 175.84565217391304, 76.34347826086956)
Collected boxes: 466, rgb(242.8542857142857, 175.82142857142858, 76.44928571428571)
Collected boxes: 473, rgb(242.8725352112676, 175.80281690140845, 76.54788732394366)
Collected boxes: 480, rgb(242.88958333333332, 175.7861111111111, 76.64097222222222)
Collected boxes: 486, rgb(242.90890410958903, 175.77945205479452, 76.7431506849315)
Collected boxes: 493, rgb(242.91013513513514, 175.75675675675674, 76.85)
Collected boxes: 500, rgb(242.926, 175.74133333333333, 76.93533333333333)
Collected boxes: 506, rgb(242.94144736842105, 175.72565789473686, 77.01842105263158)
Collected boxes: 513, rgb(242.96428571428572, 175.71428571428572, 77.1025974025974)
Collected boxes: 520, rgb(242.96346153846153, 175.70064102564103, 77.19935897435897)
Collected boxes: 526, rgb(242.9740506329114, 175.6854430379747, 77.28354430379747)
Collected boxes: 533, rgb(242.9925, 175.66875, 77.355625)
Collected boxes: 540, rgb(243.01234567901236, 175.65740740740742, 77.4320987654321)
Collected boxes: 546, rgb(243.0189024390244, 175.65060975609757, 77.52073170731707)
Collected boxes: 553, rgb(243.02168674698794, 175.63253012048193, 77.59578313253012)
Collected boxes: 560, rgb(243.03511904761905, 175.61904761904762, 77.66547619047618)
Collected boxes: 566, rgb(243.04764705882354, 175.6070588235294, 77.73117647058824)
Collected boxes: 573, rgb(243.06220930232558, 175.603488372093, 77.80523255813954)
Collected boxes: 580, rgb(243.06149425287356, 175.58620689655172, 77.88390804597701)
Collected boxes: 586, rgb(243.07329545454544, 175.575, 77.94488636363636)
Collected boxes: 593, rgb(243.08483146067417, 175.56348314606743, 78.00449438202247)
Collected boxes: 600, rgb(243.1027777777778, 175.55555555555554, 78.06555555555556)
Collected boxes: 606, rgb(243.10054945054944, 175.54560439560439, 78.13791208791208)
Collected boxes: 613, rgb(243.10815217391306, 175.53423913043477, 78.2)
Collected boxes: 620, rgb(243.1225806451613, 175.5215053763441, 78.2521505376344)
Collected boxes: 626, rgb(243.13829787234042, 175.51329787234042, 78.30851063829788)
Collected boxes: 633, rgb(243.14263157894737, 175.50894736842105, 78.37578947368421)
Collected boxes: 640, rgb(243.14375, 175.49479166666666, 78.43177083333333)
Collected boxes: 646, rgb(243.15412371134022, 175.48453608247422, 78.48350515463918)
Collected boxes: 653, rgb(243.1637755102041, 175.47551020408164, 78.53214285714286)
Collected boxes: 660, rgb(243.17525252525252, 175.47373737373738, 78.58838383838383)
Collected boxes: 666, rgb(243.1735, 175.46, 78.649)
Collected boxes: 673, rgb(243.18267326732672, 175.45148514851485, 78.69455445544554)
Collected boxes: 680, rgb(243.19166666666666, 175.44264705882352, 78.7392156862745)
Collected boxes: 686, rgb(243.20631067961165, 175.4368932038835, 78.78543689320388)
Collected boxes: 693, rgb(243.20336538461538, 175.42932692307693, 78.84182692307692)
Collected boxes: 700, rgb(243.20904761904762, 175.4204761904762, 78.88952380952381)
Collected boxes: 706, rgb(243.22075471698113, 175.41037735849056, 78.92877358490566)
Collected boxes: 713, rgb(243.2336448598131, 175.40420560747663, 78.97196261682242)
Collected boxes: 720, rgb(243.23657407407407, 175.4013888888889, 79.025)
Collected boxes: 726, rgb(243.23669724770642, 175.38990825688074, 79.06834862385321)
Collected boxes: 733, rgb(243.245, 175.38181818181818, 79.10818181818182)
Collected boxes: 740, rgb(243.2527027027027, 175.37477477477478, 79.1454954954955)
Collected boxes: 746, rgb(243.26205357142857, 175.37410714285716, 79.18973214285714)
Collected boxes: 753, rgb(243.25973451327434, 175.36283185840708, 79.23805309734513)
Collected boxes: 760, rgb(243.2671052631579, 175.35614035087718, 79.27324561403509)
Collected boxes: 766, rgb(243.27434782608697, 175.3491304347826, 79.30782608695652)
Collected boxes: 773, rgb(243.28663793103448, 175.3448275862069, 79.34396551724137)
Collected boxes: 780, rgb(243.28333333333333, 175.3388888888889, 79.38931623931624)
Collected boxes: 786, rgb(243.2877118644068, 175.33177966101695, 79.4271186440678)
Collected boxes: 793, rgb(243.29747899159665, 175.3235294117647, 79.45756302521008)
Collected boxes: 800, rgb(243.30833333333334, 175.31875, 79.49166666666666)
Collected boxes: 806, rgb(243.3103305785124, 175.31694214876032, 79.53471074380165)
Collected boxes: 813, rgb(243.30983606557376, 175.30737704918033, 79.56926229508197)
Collected boxes: 820, rgb(243.31666666666666, 175.3008130081301, 79.60081300813007)
Collected boxes: 826, rgb(243.32298387096773, 175.29516129032257, 79.63024193548387)
Collected boxes: 833, rgb(243.3308, 175.2952, 79.666)
Collected boxes: 840, rgb(243.3281746031746, 175.28571428571428, 79.70555555555555)
Collected boxes: 846, rgb(243.33425196850393, 175.2803149606299, 79.73346456692913)
Collected boxes: 853, rgb(243.340234375, 175.274609375, 79.7609375)
Collected boxes: 860, rgb(243.35077519379846, 175.27131782945736, 79.78992248062015)
Collected boxes: 866, rgb(243.34730769230768, 175.26653846153846, 79.8273076923077)
Collected boxes: 873, rgb(243.35076335877864, 175.26068702290075, 79.85801526717557)
Collected boxes: 880, rgb(243.3590909090909, 175.25378787878788, 79.88219696969696)
Collected boxes: 886, rgb(243.3684210526316, 175.25, 79.90977443609023)
Collected boxes: 893, rgb(243.36977611940299, 175.24888059701493, 79.9455223880597)
Collected boxes: 900, rgb(243.36888888888888, 175.24074074074073, 79.9737037037037)
Collected boxes: 906, rgb(243.37463235294118, 175.23529411764707, 79.99926470588235)
Collected boxes: 913, rgb(243.37992700729927, 175.23065693430658, 80.02299270072993)
Collected boxes: 920, rgb(243.38659420289855, 175.23115942028986, 80.05253623188406)
Collected boxes: 926, rgb(243.3838129496403, 175.22302158273382, 80.08561151079137)
Collected boxes: 933, rgb(243.38892857142858, 175.21857142857144, 80.10821428571428)
Collected boxes: 940, rgb(243.3939716312057, 175.21382978723403, 80.1304964539007)
Collected boxes: 946, rgb(243.4031690140845, 175.2112676056338, 80.15422535211268)
Collected boxes: 953, rgb(243.39965034965036, 175.20734265734265, 80.18566433566434)
Collected boxes: 960, rgb(243.41076388888888, 175.19965277777777, 80.19166666666666)
Collected boxes: 966, rgb(243.43, 175.1793103448276, 80.14413793103448)
Collected boxes: 973, rgb(243.4527397260274, 175.15650684931506, 80.09452054794521)
Collected boxes: 980, rgb(243.47925170068027, 175.13333333333333, 80.04013605442177)
Collected boxes: 986, rgb(243.49932432432433, 175.12263513513514, 79.9983108108108)
Collected boxes: 993, rgb(243.51677852348993, 175.1043624161074, 79.9523489932886)
Collected boxes: 1000, rgb(243.53433333333334, 175.08233333333334, 79.9)
Collected boxes: 1006, rgb(243.55364238410596, 175.06754966887416, 79.85264900662251)
Collected boxes: 1013, rgb(243.5733552631579, 175.04967105263157, 79.80361842105263)
Collected boxes: 1020, rgb(243.58986928104576, 175.03169934640522, 79.75980392156863)
Collected boxes: 1026, rgb(243.60714285714286, 175.01396103896104, 79.71461038961039)
Collected boxes: 1033, rgb(243.62354838709678, 174.99516129032259, 79.67483870967742)
Collected boxes: 1040, rgb(243.6400641025641, 174.97756410256412, 79.63397435897436)
Collected boxes: 1046, rgb(243.65987261146498, 174.9576433121019, 79.59108280254777)
Collected boxes: 1053, rgb(243.68322784810127, 174.9373417721519, 79.54367088607594)
Collected boxes: 1060, rgb(243.7006289308176, 174.92861635220126, 79.50786163522012)
Collected boxes: 1066, rgb(243.715625, 174.9128125, 79.468125)
Collected boxes: 1073, rgb(243.73074534161492, 174.89347826086956, 79.4223602484472)
Collected boxes: 1080, rgb(243.74753086419753, 174.88086419753085, 79.38117283950618)
Collected boxes: 1086, rgb(243.76472392638036, 174.8653374233129, 79.3383435582822)
Collected boxes: 1093, rgb(243.77896341463415, 174.8496951219512, 79.30030487804878)
Collected boxes: 1100, rgb(243.79393939393938, 174.83424242424243, 79.2609090909091)
Collected boxes: 1106, rgb(243.80813253012047, 174.81777108433735, 79.22650602409638)
Collected boxes: 1113, rgb(243.82245508982035, 174.80239520958085, 79.19101796407186)
Collected boxes: 1120, rgb(243.83988095238095, 174.78482142857143, 79.15357142857142)
Collected boxes: 1126, rgb(243.86065088757397, 174.76686390532544, 79.11183431952662)
Collected boxes: 1133, rgb(243.87588235294118, 174.75970588235293, 79.08088235294117)
Collected boxes: 1140, rgb(243.88888888888889, 174.74590643274854, 79.04619883040935)
Collected boxes: 1146, rgb(243.90203488372094, 174.72877906976746, 79.00581395348837)
Collected boxes: 1153, rgb(243.91676300578035, 174.71791907514452, 78.96965317919076)
Collected boxes: 1160, rgb(243.93189655172415, 174.70431034482758, 78.93189655172414)
Collected boxes: 1166, rgb(243.9442857142857, 174.69057142857142, 78.89857142857143)
Collected boxes: 1173, rgb(243.95738636363637, 174.67698863636363, 78.86392045454545)
Collected boxes: 1180, rgb(243.96977401129942, 174.66242937853107, 78.83389830508474)
Collected boxes: 1186, rgb(243.98230337078652, 174.6488764044944, 78.80280898876404)
Collected boxes: 1193, rgb(243.99776536312848, 174.63324022346367, 78.76983240223464)
Collected boxes: 1200, rgb(244.01638888888888, 174.6172222222222, 78.73277777777778)
Collected boxes: 1206, rgb(244.02983425414365, 174.61132596685084, 78.70580110497238)
Collected boxes: 1213, rgb(244.0412087912088, 174.59917582417583, 78.67527472527472)
Collected boxes: 1220, rgb(244.05273224043717, 174.58387978142076, 78.63934426229508)
Collected boxes: 1226, rgb(244.06576086956522, 174.57445652173914, 78.60733695652173)
Collected boxes: 1233, rgb(244.07918918918918, 174.56243243243244, 78.57378378378378)
Collected boxes: 1240, rgb(244.09005376344086, 174.5502688172043, 78.54435483870968)
Collected boxes: 1246, rgb(244.10160427807486, 174.53823529411764, 78.51363636363637)
Collected boxes: 1253, rgb(244.1125, 174.5252659574468, 78.4872340425532)
Collected boxes: 1260, rgb(244.12354497354497, 174.51322751322752, 78.45978835978836)
Collected boxes: 1266, rgb(244.13736842105263, 174.49921052631578, 78.43052631578948)
Collected boxes: 1273, rgb(244.1541884816754, 174.4848167539267, 78.39738219895288)
Collected boxes: 1280, rgb(244.16614583333333, 174.47994791666667, 78.37369791666667)
Collected boxes: 1286, rgb(244.1761658031088, 174.46917098445596, 78.34663212435233)
Collected boxes: 1293, rgb(244.18634020618558, 174.45541237113403, 78.31443298969072)
Collected boxes: 1300, rgb(244.19794871794872, 174.44717948717948, 78.28589743589744)
Collected boxes: 1306, rgb(244.20994897959184, 174.43647959183673, 78.25586734693877)
Collected boxes: 1313, rgb(244.21954314720813, 174.4256345177665, 78.22969543147208)
Collected boxes: 1320, rgb(244.22979797979798, 174.414898989899, 78.20227272727273)
Collected boxes: 1326, rgb(244.2394472361809, 174.4032663316583, 78.1788944723618)
Collected boxes: 1333, rgb(244.24925, 174.3925, 78.1545)
Collected boxes: 1340, rgb(244.26169154228856, 174.37985074626866, 78.12835820895522)
Collected boxes: 1346, rgb(244.2769801980198, 174.36683168316833, 78.09851485148515)
Collected boxes: 1353, rgb(244.28768472906404, 174.3628078817734, 78.07758620689656)
Collected boxes: 1360, rgb(244.29656862745097, 174.3531862745098, 78.05343137254901)
Collected boxes: 1366, rgb(244.28439024390244, 174.3560975609756, 78.05439024390243)
