Collected boxes: 6, rgb(242.95, 172.25, 76.2)
Collected boxes: 13, rgb(241.725, 173.6, 76.025)
Collected boxes: 20, rgb(241.26666666666668, 173.41666666666666, 74.18333333333334)
Collected boxes: 26, rgb(241.0625, 173.3125, 74.0875)
Collected boxes: 33, rgb(241.04, 172.38, 72.9)
Collected boxes: 40, rgb(240.8, 171.70833333333334, 71.45)
Collected boxes: 46, rgb(240.65, 171.99285714285713, 71.49285714285715)
Collected boxes: 53, rgb(240.4875, 172.48125, 72.00625)
Collected boxes: 60, rgb(240.58333333333334, 171.80555555555554, 71.16111111111111)
Collected boxes: 66, rgb(240.68, 171.4, 70.49)
Collected boxes: 73, rgb(240.55, 171.86363636363637, 70.95454545454545)
Collected boxes: 80, rgb(240.51666666666668, 171.9375, 71.15)
Collected boxes: 86, rgb(240.5346153846154, 171.70384615384614, 70.99230769230769)
Collected boxes: 93, rgb(240.48928571428573, 171.46428571428572, 70.53928571428571)
Collected boxes: 100, rgb(240.46, 171.77, 70.78666666666666)
Collected boxes: 106, rgb(240.403125, 171.978125, 70.953125)
Collected boxes: 113, rgb(240.5264705882353, 172.03529411764706, 70.81470588235294)
Collected boxes: 120, rgb(240.51944444444445, 171.90277777777777, 70.57777777777778)
Collected boxes: 126, rgb(240.42368421052632, 172.13947368421051, 70.83421052631579)
Collected boxes: 133, rgb(240.445, 171.9175, 70.4825)
Collected boxes: 140, rgb(240.4452380952381, 171.77380952380952, 70.22857142857143)
Collected boxes: 146, rgb(240.39318181818183, 171.89318181818183, 70.35681818181818)
Collected boxes: 153, rgb(240.42391304347825, 171.88695652173914, 70.34347826086956)
Collected boxes: 160, rgb(240.41875, 171.71666666666667, 70.07708333333333)
Collected boxes: 166, rgb(240.36, 171.812, 70.23)
Collected boxes: 173, rgb(240.37307692307692, 171.9480769230769, 70.41730769230769)
Collected boxes: 180, rgb(240.42037037037036, 171.96296296296296, 70.45)
Collected boxes: 186, rgb(240.49821428571428, 171.81607142857143, 70.20892857142857)
Collected boxes: 193, rgb(240.48793103448276, 171.76724137931035, 70.16724137931034)
Collected boxes: 200, rgb(240.51, 171.58833333333334, 69.865)
Collected boxes: 206, rgb(240.5209677419355, 171.39032258064515, 69.55967741935484)
Collected boxes: 213, rgb(240.5609375, 171.215625, 69.2890625)
Collected boxes: 220, rgb(240.54242424242423, 170.9287878787879, 68.93939393939394)
Collected boxes: 226, rgb(240.6264705882353, 170.87941176470588, 68.83970588235294)
Collected boxes: 233, rgb(240.65, 170.7357142857143, 68.64714285714285)
Collected boxes: 240, rgb(240.6513888888889, 170.55833333333334, 68.38472222222222)
Collected boxes: 246, rgb(240.65405405405406, 170.44864864864866, 68.19459459459459)
Collected boxes: 253, rgb(240.7, 170.3578947368421, 68.04868421052632)
Collected boxes: 260, rgb(240.70897435897436, 170.22820512820513, 67.87820512820512)
Collected boxes: 266, rgb(240.7225, 170.22125, 67.85625)
Collected boxes: 273, rgb(240.73048780487804, 170.0780487804878, 67.67926829268292)
Collected boxes: 280, rgb(240.75595238095238, 169.96785714285716, 67.47619047619048)
Collected boxes: 286, rgb(240.78720930232558, 169.86627906976744, 67.35)
Collected boxes: 293, rgb(240.76704545454547, 169.7022727272727, 67.10795454545455)
Collected boxes: 300, rgb(240.7877777777778, 169.61666666666667, 66.98555555555555)
Collected boxes: 306, rgb(240.7804347826087, 169.59782608695653, 66.9608695652174)
Collected boxes: 313, rgb(240.7468085106383, 169.68297872340426, 67.11382978723404)
Collected boxes: 320, rgb(240.75520833333334, 169.803125, 67.27916666666667)
Collected boxes: 326, rgb(240.75510204081633, 169.8469387755102, 67.38265306122449)
Collected boxes: 333, rgb(240.771, 169.871, 67.389)
Collected boxes: 340, rgb(240.76372549019607, 169.8656862745098, 67.39901960784314)
Collected boxes: 346, rgb(240.7701923076923, 169.8548076923077, 67.36634615384615)
Collected boxes: 353, rgb(240.7566037735849, 169.77924528301887, 67.2820754716981)
Collected boxes: 360, rgb(240.74722222222223, 169.6888888888889, 67.1675925925926)
Collected boxes: 366, rgb(240.76272727272726, 169.64545454545456, 67.1)
Collected boxes: 373, rgb(240.73928571428573, 169.76875, 67.26607142857142)
Collected boxes: 380, rgb(240.74035087719298, 169.8140350877193, 67.36666666666666)
Collected boxes: 386, rgb(240.75172413793103, 169.84310344827585, 67.37586206896552)
Collected boxes: 393, rgb(240.77033898305083, 169.8237288135593, 67.33305084745763)
Collected boxes: 400, rgb(240.77916666666667, 169.90916666666666, 67.465)
Collected boxes: 406, rgb(240.7795081967213, 169.84754098360656, 67.35901639344263)
Collected boxes: 413, rgb(240.76532258064515, 169.92016129032257, 67.48064516129033)
Collected boxes: 420, rgb(240.77857142857144, 170.00714285714287, 67.58809523809524)
Collected boxes: 426, rgb(240.8140625, 169.98046875, 67.546875)
Collected boxes: 433, rgb(240.81153846153848, 169.9876923076923, 67.57230769230769)
Collected boxes: 440, rgb(240.81742424242424, 169.92045454545453, 67.39166666666667)
Collected boxes: 446, rgb(240.83358208955224, 169.87014925373134, 67.32537313432836)
Collected boxes: 453, rgb(240.83382352941177, 169.7485294117647, 67.15441176470588)
Collected boxes: 460, rgb(240.84420289855072, 169.75144927536232, 67.15652173913044)
Collected boxes: 466, rgb(240.85214285714287, 169.72, 67.10071428571429)
Collected boxes: 473, rgb(240.86971830985917, 169.6556338028169, 67.02535211267606)
Collected boxes: 480, rgb(240.86944444444444, 169.63125, 66.95694444444445)
Collected boxes: 486, rgb(240.87876712328767, 169.56712328767122, 66.86027397260274)
Collected boxes: 493, rgb(240.89797297297298, 169.53108108108108, 66.80337837837838)
Collected boxes: 500, rgb(240.90333333333334, 169.53466666666668, 66.806)
Collected boxes: 506, rgb(240.90065789473684, 169.4611842105263, 66.70065789473684)
Collected boxes: 513, rgb(240.91948051948052, 169.42142857142858, 66.64545454545454)
Collected boxes: 520, rgb(240.9198717948718, 169.37115384615385, 66.5673076923077)
Collected boxes: 526, rgb(240.93354430379748, 169.31835443037974, 66.48987341772153)
Collected boxes: 533, rgb(240.936875, 169.29875, 66.4725)
Collected boxes: 540, rgb(240.93703703703704, 169.26296296296297, 66.41111111111111)
Collected boxes: 546, rgb(240.93780487804878, 169.22439024390243, 66.34573170731707)
Collected boxes: 553, rgb(240.9566265060241, 169.18855421686746, 66.28313253012048)
Collected boxes: 560, rgb(240.9547619047619, 169.11964285714285, 66.1922619047619)
Collected boxes: 566, rgb(240.95352941176472, 169.13823529411764, 66.21411764705883)
Collected boxes: 573, rgb(240.9720930232558, 169.10058139534883, 66.16279069767442)
Collected boxes: 580, rgb(240.98333333333332, 169.06264367816092, 66.08850574712643)
Collected boxes: 586, rgb(240.97556818181818, 169.07215909090908, 66.12272727272727)
Collected boxes: 593, rgb(240.96516853932584, 169.08651685393258, 66.14550561797753)
Collected boxes: 600, rgb(240.97666666666666, 169.07944444444445, 66.12388888888889)
Collected boxes: 606, rgb(240.97747252747251, 169.04560439560439, 66.06538461538462)
Collected boxes: 613, rgb(240.97989130434783, 168.99565217391304, 65.99239130434782)
Collected boxes: 620, rgb(240.9784946236559, 169.0016129032258, 65.99032258064516)
Collected boxes: 626, rgb(240.9627659574468, 169.0898936170213, 66.1122340425532)
Collected boxes: 633, rgb(240.96526315789473, 169.14947368421053, 66.19368421052631)
Collected boxes: 640, rgb(240.96614583333334, 169.1703125, 66.24635416666666)
Collected boxes: 646, rgb(240.97319587628866, 169.18917525773196, 66.2561855670103)
Collected boxes: 653, rgb(240.9673469387755, 169.21428571428572, 66.29642857142858)
Collected boxes: 660, rgb(240.96666666666667, 169.17424242424244, 66.2439393939394)
Collected boxes: 666, rgb(240.9625, 169.1325, 66.184)
Collected boxes: 673, rgb(240.94950495049505, 169.17970297029703, 66.24851485148515)
Collected boxes: 680, rgb(240.93676470588235, 169.24117647058824, 66.31666666666666)
Collected boxes: 686, rgb(240.9393203883495, 169.26504854368932, 66.37961165048544)
Collected boxes: 693, rgb(240.9451923076923, 169.23653846153846, 66.34278846153846)
Collected boxes: 700, rgb(240.94095238095238, 169.22666666666666, 66.32333333333334)
Collected boxes: 706, rgb(240.94056603773586, 169.24150943396228, 66.34716981132075)
Collected boxes: 713, rgb(240.92056074766356, 169.29859813084113, 66.4322429906542)
Collected boxes: 720, rgb(240.92731481481482, 169.3625, 66.5125)
Collected boxes: 726, rgb(240.93715596330276, 169.36192660550458, 66.5137614678899)
Collected boxes: 733, rgb(240.94363636363636, 169.35954545454547, 66.51363636363637)
Collected boxes: 740, rgb(240.94009009009008, 169.3801801801802, 66.5445945945946)
Collected boxes: 746, rgb(240.93660714285716, 169.41205357142857, 66.56026785714286)
Collected boxes: 753, rgb(240.91858407079647, 169.4712389380531, 66.6212389380531)
Collected boxes: 760, rgb(240.91008771929825, 169.51885964912282, 66.6828947368421)
Collected boxes: 766, rgb(240.91782608695652, 169.55434782608697, 66.74913043478261)
Collected boxes: 773, rgb(240.90646551724137, 169.61637931034483, 66.84827586206896)
Collected boxes: 780, rgb(240.91666666666666, 169.67179487179487, 66.92863247863248)
Collected boxes: 786, rgb(240.8936440677966, 169.73220338983052, 67.0114406779661)
Collected boxes: 793, rgb(240.88361344537816, 169.7718487394958, 67.05336134453782)
Collected boxes: 800, rgb(240.87666666666667, 169.83041666666668, 67.10625)
Collected boxes: 806, rgb(240.87396694214877, 169.88512396694216, 67.15578512396694)
Collected boxes: 813, rgb(240.86885245901638, 169.92704918032786, 67.18893442622951)
Collected boxes: 820, rgb(240.86260162601627, 169.96829268292683, 67.22235772357723)
Collected boxes: 826, rgb(240.86693548387098, 169.99354838709678, 67.26370967741936)
Collected boxes: 833, rgb(240.8672, 170.0312, 67.276)
Collected boxes: 840, rgb(240.84880952380954, 170.08214285714286, 67.33650793650794)
Collected boxes: 846, rgb(240.84527559055118, 170.13582677165354, 67.3992125984252)
Collected boxes: 853, rgb(240.837109375, 170.181640625, 67.436328125)
Collected boxes: 860, rgb(240.82596899224805, 170.23178294573643, 67.4748062015504)
Collected boxes: 866, rgb(240.82076923076923, 170.27461538461537, 67.5126923076923)
Collected boxes: 873, rgb(240.80954198473282, 170.31564885496184, 67.54656488549618)
