Collected boxes: 6, rgb(245.15, 175.6, 67.25)
Collected boxes: 13, rgb(243.85, 176.15, 69.475)
Collected boxes: 20, rgb(243.71666666666667, 175.56666666666666, 70.06666666666666)
Collected boxes: 26, rgb(243.125, 176.275, 71.4625)
Collected boxes: 33, rgb(242.63, 176.61, 70.66)
Collected boxes: 40, rgb(242.65833333333333, 176.575, 71.55)
Collected boxes: 46, rgb(242.46428571428572, 176.60714285714286, 72.31428571428572)
Collected boxes: 53, rgb(242.35, 176.73125, 73.05)
Collected boxes: 60, rgb(242.33333333333334, 176.6, 72.66111111111111)
Collected boxes: 66, rgb(242.025, 176.615, 73.195)
Collected boxes: 73, rgb(241.6090909090909, 176.61363636363637, 74.0)
Collected boxes: 80, rgb(241.225, 176.64166666666668, 74.5875)
Collected boxes: 86, rgb(240.90769230769232, 176.65384615384616, 75.13461538461539)
Collected boxes: 93, rgb(240.62142857142857, 176.68928571428572, 75.52857142857142)
Collected boxes: 100, rgb(240.40333333333334, 176.71333333333334, 75.94)
Collected boxes: 106, rgb(240.290625, 176.78125, 76.06875)
Collected boxes: 113, rgb(240.2235294117647, 176.8029411764706, 75.91764705882353)
Collected boxes: 120, rgb(240.1638888888889, 176.775, 75.64444444444445)
Collected boxes: 126, rgb(240.2078947368421, 176.7342105263158, 75.50526315789473)
Collected boxes: 133, rgb(240.18, 176.77, 75.49)
Collected boxes: 140, rgb(240.3, 176.6809523809524, 75.10714285714286)
Collected boxes: 146, rgb(240.62045454545455, 176.47045454545454, 74.53181818181818)
Collected boxes: 153, rgb(240.6304347826087, 176.44782608695652, 74.17608695652174)
Collected boxes: 160, rgb(240.78541666666666, 176.525, 74.3875)
Collected boxes: 166, rgb(240.942, 176.588, 74.702)
Collected boxes: 173, rgb(241.01153846153846, 176.6326923076923, 75.00961538461539)
Collected boxes: 180, rgb(241.15185185185186, 176.6537037037037, 75.29629629629629)
Collected boxes: 186, rgb(241.18214285714285, 176.6, 75.15357142857142)
Collected boxes: 193, rgb(241.17586206896553, 176.59655172413792, 75.01551724137931)
Collected boxes: 200, rgb(241.24333333333334, 176.485, 74.645)
Collected boxes: 206, rgb(241.18548387096774, 176.5032258064516, 74.66290322580645)
Collected boxes: 213, rgb(241.259375, 176.4703125, 74.4171875)
Collected boxes: 220, rgb(241.3530303030303, 176.49848484848485, 74.36060606060606)
Collected boxes: 226, rgb(241.4485294117647, 176.55588235294118, 74.41911764705883)
Collected boxes: 233, rgb(241.48, 176.6, 74.52857142857142)
Collected boxes: 240, rgb(241.47083333333333, 176.575, 74.63888888888889)
Collected boxes: 246, rgb(241.50405405405405, 176.59054054054053, 74.68648648648649)
Collected boxes: 253, rgb(241.5342105263158, 176.60526315789474, 74.72631578947369)
Collected boxes: 260, rgb(241.60384615384615, 176.65641025641025, 74.81666666666666)
Collected boxes: 266, rgb(241.65375, 176.62625, 74.835)
